% This file was created by tikzplotlib v0.9.4.
\begin{tikzpicture}

\definecolor{color0}{rgb}{0.12156862745098,0.466666666666667,0.705882352941177}

\begin{axis}[
height=5cm,
legend cell align={left},
legend style={fill opacity=0.8, draw opacity=1, text opacity=1, draw=white!80!black},
tick align=outside,
tick pos=left,
width=6cm,
x grid style={white!69.0196078431373!black},
xmin=0.9, xmax=3.1,
xtick style={color=black},
y grid style={white!69.0196078431373!black},
ymin=0.8, ymax=5.2,
ytick style={color=black}
]
\addplot [semithick, color0]
table {%
1 1
2 5
3 2
};
\addlegendentry{x}
\end{axis}

\end{tikzpicture}

